<?xml version="1.0" encoding="UTF-8"?>
<testng-results skipped="0" failed="0" total="1" passed="1">
  <reporter-output>
  </reporter-output>
  <suite name="Suite" duration-ms="5879" started-at="2017-12-15T02:50:49Z" finished-at="2017-12-15T02:50:55Z">
    <groups>
    </groups>
    <test name="Test" duration-ms="5879" started-at="2017-12-15T02:50:49Z" finished-at="2017-12-15T02:50:55Z">
      <class name="com.hybridframework.App">
        <test-method status="PASS" signature="abc()[pri:0, instance:com.hybridframework.App@3f2a3a5]" name="abc" duration-ms="5865" started-at="2017-12-15T08:20:49Z" finished-at="2017-12-15T08:20:55Z">
          <reporter-output>
          </reporter-output>
        </test-method> <!-- abc -->
      </class> <!-- com.hybridframework.App -->
    </test> <!-- Test -->
  </suite> <!-- Suite -->
</testng-results>
